SF:lib/main.dart
DA:4,0
DA:5,0
DA:9,2
DA:11,1
DA:13,1
DA:16,1
DA:17,1
LF:7
LH:5
end_of_record
SF:lib/ui/main_screen.dart
DA:6,1
DA:8,1
DA:9,1
DA:20,0
DA:22,0
DA:23,0
DA:24,0
DA:27,0
DA:29,0
DA:30,0
DA:31,0
DA:34,0
DA:35,0
DA:36,0
DA:41,1
DA:43,1
DA:46,0
DA:48,0
DA:49,0
DA:52,1
DA:54,1
DA:55,1
DA:59,1
DA:77,1
DA:78,1
DA:79,1
DA:81,1
DA:82,1
DA:87,0
DA:91,1
DA:92,1
DA:93,2
DA:94,0
DA:95,0
DA:96,0
DA:97,0
DA:101,0
DA:102,0
LF:38
LH:17
end_of_record
SF:lib/model/github.dart
DA:16,1
DA:31,1
DA:32,1
DA:33,1
DA:34,1
DA:35,1
DA:36,1
DA:38,2
DA:39,2
DA:41,2
DA:42,1
DA:43,1
DA:44,1
DA:45,1
DA:46,2
DA:48,1
DA:52,0
DA:53,0
DA:54,0
DA:55,0
DA:56,0
DA:57,0
DA:58,0
DA:59,0
DA:60,0
DA:61,0
DA:62,0
DA:63,0
DA:64,0
DA:65,0
DA:69,1
DA:70,4
LF:32
LH:18
end_of_record
SF:lib/services/github_service.dart
DA:10,1
DA:12,1
DA:13,2
DA:16,2
DA:17,2
DA:19,1
DA:20,3
DA:21,1
DA:23,4
DA:24,1
DA:27,3
DA:28,1
LF:12
LH:12
end_of_record
